2026-02-27 15:06:55,745 - __mp_main__ - INFO - App startup initiated
2026-02-27 15:06:55,928 - __mp_main__ - INFO - Database initialized
2026-02-27 15:08:09,581 - __mp_main__ - INFO - App startup initiated
2026-02-27 15:08:09,666 - __mp_main__ - INFO - Database initialized
2026-02-27 15:10:36,619 - __mp_main__ - INFO - App startup initiated
2026-02-27 15:10:36,911 - __mp_main__ - INFO - Database initialized
2026-02-27 15:11:24,761 - __mp_main__ - INFO - App startup initiated
2026-02-27 15:11:25,002 - __mp_main__ - INFO - Database initialized
2026-02-27 15:11:25,403 - components.database_content - INFO - Refreshing orders from database
2026-02-27 15:11:25,410 - components.database_content - INFO - Fetched 5 orders
2026-02-27 15:11:54,872 - __mp_main__ - INFO - App startup initiated
2026-02-27 15:11:55,162 - __mp_main__ - INFO - Database initialized
2026-02-27 15:11:55,406 - components.database_content - INFO - Refreshing orders from database
2026-02-27 15:11:55,412 - components.database_content - INFO - Fetched 5 orders
2026-02-27 15:12:07,441 - components.database_content - INFO - Refreshing orders from database
2026-02-27 15:12:07,442 - components.database_content - INFO - Fetched 5 orders
2026-02-27 15:12:09,140 - components.database_content - INFO - Refreshing orders from database
2026-02-27 15:12:09,142 - components.database_content - INFO - Fetched 5 orders
2026-02-27 15:23:52,240 - __mp_main__ - INFO - App startup initiated
2026-02-27 15:23:52,337 - __mp_main__ - INFO - Database initialized
2026-02-27 15:23:52,424 - watchfiles.main - INFO - 4 changes detected
2026-02-27 15:23:52,831 - watchfiles.main - INFO - 1 change detected
2026-02-27 15:23:53,247 - watchfiles.main - INFO - 2 changes detected
2026-02-27 15:23:53,651 - watchfiles.main - INFO - 1 change detected
2026-02-27 15:23:54,059 - watchfiles.main - INFO - 1 change detected
2026-02-27 15:23:54,310 - components.database_content - INFO - Refreshing orders from database
2026-02-27 15:23:54,321 - components.database_content - INFO - Fetched 5 orders
2026-02-27 15:23:54,422 - watchfiles.main - INFO - 1 change detected
2026-02-27 15:23:54,778 - watchfiles.main - INFO - 1 change detected
2026-02-27 15:23:55,140 - watchfiles.main - INFO - 1 change detected
2026-02-27 15:23:55,492 - watchfiles.main - INFO - 1 change detected
2026-02-27 15:23:55,856 - watchfiles.main - INFO - 1 change detected
2026-02-27 15:23:56,209 - watchfiles.main - INFO - 1 change detected
2026-02-27 15:23:56,565 - watchfiles.main - INFO - 1 change detected
2026-02-27 15:23:56,926 - watchfiles.main - INFO - 1 change detected
2026-02-27 15:23:57,336 - watchfiles.main - INFO - 1 change detected
2026-02-27 15:23:57,748 - watchfiles.main - INFO - 1 change detected
2026-02-27 15:23:58,154 - watchfiles.main - INFO - 1 change detected
2026-02-27 15:23:58,557 - watchfiles.main - INFO - 1 change detected
2026-02-27 15:23:58,912 - watchfiles.main - INFO - 1 change detected
2026-02-27 15:23:59,326 - watchfiles.main - INFO - 1 change detected
2026-02-27 15:23:59,731 - watchfiles.main - INFO - 1 change detected
2026-02-27 15:24:00,141 - watchfiles.main - INFO - 1 change detected
2026-02-27 15:24:00,557 - watchfiles.main - INFO - 1 change detected
2026-02-27 15:24:00,966 - watchfiles.main - INFO - 1 change detected
2026-02-27 15:24:01,327 - watchfiles.main - INFO - 1 change detected
2026-02-27 15:24:01,732 - watchfiles.main - INFO - 1 change detected
2026-02-27 15:24:02,138 - watchfiles.main - INFO - 1 change detected
2026-02-27 15:24:02,544 - watchfiles.main - INFO - 1 change detected
2026-02-27 15:24:02,961 - watchfiles.main - INFO - 1 change detected
2026-02-27 15:24:03,375 - watchfiles.main - INFO - 1 change detected
2026-02-27 15:24:03,781 - watchfiles.main - INFO - 1 change detected
2026-02-27 15:24:04,189 - watchfiles.main - INFO - 1 change detected
2026-02-27 15:24:04,597 - watchfiles.main - INFO - 1 change detected
2026-02-27 15:24:05,006 - watchfiles.main - INFO - 1 change detected
2026-02-27 15:24:05,423 - watchfiles.main - INFO - 1 change detected
2026-02-27 15:24:05,782 - watchfiles.main - INFO - 1 change detected
2026-02-27 15:24:06,247 - watchfiles.main - INFO - 1 change detected
2026-02-27 15:24:06,613 - watchfiles.main - INFO - 1 change detected
2026-02-27 15:24:07,024 - watchfiles.main - INFO - 1 change detected
2026-02-27 15:24:07,433 - watchfiles.main - INFO - 1 change detected
2026-02-27 15:24:07,848 - watchfiles.main - INFO - 1 change detected
2026-02-27 15:24:08,266 - watchfiles.main - INFO - 1 change detected
2026-02-27 15:24:08,676 - watchfiles.main - INFO - 1 change detected
2026-02-27 15:24:09,085 - watchfiles.main - INFO - 1 change detected
2026-02-27 15:24:09,447 - watchfiles.main - INFO - 1 change detected
2026-02-27 15:24:09,856 - watchfiles.main - INFO - 1 change detected
2026-02-27 15:24:10,264 - watchfiles.main - INFO - 1 change detected
2026-02-27 15:24:10,673 - watchfiles.main - INFO - 1 change detected
2026-02-27 15:24:11,083 - watchfiles.main - INFO - 1 change detected
2026-02-27 15:24:11,492 - watchfiles.main - INFO - 1 change detected
2026-02-27 15:24:11,906 - watchfiles.main - INFO - 1 change detected
2026-02-27 15:24:12,312 - watchfiles.main - INFO - 1 change detected
2026-02-27 15:24:12,723 - watchfiles.main - INFO - 1 change detected
2026-02-27 15:24:13,083 - watchfiles.main - INFO - 1 change detected
2026-02-27 15:24:13,490 - watchfiles.main - INFO - 1 change detected
2026-02-27 15:24:13,898 - watchfiles.main - INFO - 1 change detected
2026-02-27 15:24:14,310 - watchfiles.main - INFO - 1 change detected
2026-02-27 15:24:14,724 - watchfiles.main - INFO - 1 change detected
2026-02-27 15:24:15,131 - watchfiles.main - INFO - 1 change detected
2026-02-27 15:24:15,541 - watchfiles.main - INFO - 1 change detected
2026-02-27 15:24:15,956 - watchfiles.main - INFO - 1 change detected
2026-02-27 15:24:16,373 - watchfiles.main - INFO - 1 change detected
2026-02-27 15:24:16,782 - watchfiles.main - INFO - 1 change detected
2026-02-27 15:24:17,193 - watchfiles.main - INFO - 1 change detected
2026-02-27 15:24:17,599 - watchfiles.main - INFO - 1 change detected
2026-02-27 15:24:18,010 - watchfiles.main - INFO - 1 change detected
2026-02-27 15:24:18,375 - watchfiles.main - INFO - 1 change detected
2026-02-27 15:24:18,790 - watchfiles.main - INFO - 1 change detected
2026-02-27 15:24:19,206 - watchfiles.main - INFO - 1 change detected
2026-02-27 15:24:19,616 - watchfiles.main - INFO - 1 change detected
2026-02-27 15:24:20,032 - watchfiles.main - INFO - 1 change detected
2026-02-27 15:24:20,447 - watchfiles.main - INFO - 1 change detected
2026-02-27 15:24:20,865 - watchfiles.main - INFO - 1 change detected
2026-02-27 15:24:21,232 - watchfiles.main - INFO - 1 change detected
2026-02-27 15:24:21,640 - watchfiles.main - INFO - 1 change detected
2026-02-27 15:24:22,058 - watchfiles.main - INFO - 1 change detected
2026-02-27 15:24:22,469 - watchfiles.main - INFO - 1 change detected
2026-02-27 15:24:22,874 - watchfiles.main - INFO - 1 change detected
2026-02-27 15:24:23,294 - watchfiles.main - INFO - 1 change detected
2026-02-27 15:24:23,700 - watchfiles.main - INFO - 1 change detected
2026-02-27 15:24:24,112 - watchfiles.main - INFO - 1 change detected
2026-02-27 15:24:24,527 - watchfiles.main - INFO - 1 change detected
2026-02-27 15:24:24,887 - watchfiles.main - INFO - 1 change detected
2026-02-27 15:24:25,299 - watchfiles.main - INFO - 1 change detected
2026-02-27 15:24:25,707 - watchfiles.main - INFO - 1 change detected
2026-02-27 15:24:26,116 - watchfiles.main - INFO - 1 change detected
2026-02-27 15:24:26,519 - watchfiles.main - INFO - 1 change detected
2026-02-27 15:24:26,923 - watchfiles.main - INFO - 1 change detected
2026-02-27 15:24:27,333 - watchfiles.main - INFO - 1 change detected
2026-02-27 15:24:27,741 - watchfiles.main - INFO - 1 change detected
2026-02-27 15:24:28,157 - watchfiles.main - INFO - 1 change detected
2026-02-27 15:24:28,520 - watchfiles.main - INFO - 1 change detected
2026-02-27 15:24:28,923 - watchfiles.main - INFO - 1 change detected
2026-02-27 15:24:29,329 - watchfiles.main - INFO - 1 change detected
2026-02-27 15:24:29,738 - watchfiles.main - INFO - 1 change detected
2026-02-27 15:24:30,152 - watchfiles.main - INFO - 1 change detected
2026-02-27 15:24:30,566 - watchfiles.main - INFO - 1 change detected
2026-02-27 15:24:30,983 - watchfiles.main - INFO - 1 change detected
2026-02-27 15:24:31,341 - watchfiles.main - INFO - 1 change detected
2026-02-27 15:24:31,751 - watchfiles.main - INFO - 1 change detected
2026-02-27 15:24:32,154 - watchfiles.main - INFO - 1 change detected
2026-02-27 15:24:32,558 - watchfiles.main - INFO - 1 change detected
2026-02-27 15:24:32,972 - watchfiles.main - INFO - 1 change detected
2026-02-27 15:24:33,397 - watchfiles.main - INFO - 1 change detected
2026-02-27 15:24:33,806 - watchfiles.main - INFO - 1 change detected
2026-02-27 15:24:34,213 - watchfiles.main - INFO - 1 change detected
2026-02-27 15:24:34,582 - watchfiles.main - INFO - 1 change detected
2026-02-27 15:24:35,039 - watchfiles.main - INFO - 1 change detected
2026-02-27 15:24:35,449 - watchfiles.main - INFO - 1 change detected
2026-02-27 15:24:35,856 - watchfiles.main - INFO - 1 change detected
2026-02-27 15:24:36,265 - watchfiles.main - INFO - 1 change detected
2026-02-27 15:24:36,621 - watchfiles.main - INFO - 1 change detected
2026-02-27 15:24:37,083 - watchfiles.main - INFO - 1 change detected
2026-02-27 15:24:37,457 - watchfiles.main - INFO - 1 change detected
2026-02-27 15:24:37,862 - watchfiles.main - INFO - 1 change detected
2026-02-27 15:24:38,272 - watchfiles.main - INFO - 1 change detected
2026-02-27 15:24:38,675 - watchfiles.main - INFO - 1 change detected
2026-02-27 15:24:39,142 - watchfiles.main - INFO - 1 change detected
2026-02-27 15:24:39,549 - watchfiles.main - INFO - 1 change detected
2026-02-27 15:24:39,957 - watchfiles.main - INFO - 1 change detected
2026-02-27 15:24:40,367 - watchfiles.main - INFO - 1 change detected
2026-02-27 15:24:40,782 - watchfiles.main - INFO - 1 change detected
2026-02-27 15:24:41,186 - watchfiles.main - INFO - 1 change detected
2026-02-27 15:24:41,598 - watchfiles.main - INFO - 1 change detected
2026-02-27 15:24:41,965 - watchfiles.main - INFO - 1 change detected
2026-02-27 15:24:42,381 - watchfiles.main - INFO - 1 change detected
2026-02-27 15:24:42,790 - watchfiles.main - INFO - 1 change detected
2026-02-27 15:24:43,209 - watchfiles.main - INFO - 1 change detected
2026-02-27 15:24:43,624 - watchfiles.main - INFO - 1 change detected
2026-02-27 15:24:44,041 - watchfiles.main - INFO - 1 change detected
2026-02-27 15:24:44,449 - watchfiles.main - INFO - 1 change detected
2026-02-27 15:24:44,855 - watchfiles.main - INFO - 1 change detected
2026-02-27 15:24:45,224 - watchfiles.main - INFO - 1 change detected
2026-02-27 15:24:45,633 - watchfiles.main - INFO - 1 change detected
2026-02-27 15:24:46,049 - watchfiles.main - INFO - 1 change detected
2026-02-27 15:24:46,456 - watchfiles.main - INFO - 1 change detected
2026-02-27 15:24:46,862 - watchfiles.main - INFO - 1 change detected
2026-02-27 15:24:47,316 - watchfiles.main - INFO - 1 change detected
2026-02-27 15:24:47,675 - watchfiles.main - INFO - 1 change detected
2026-02-27 15:24:48,094 - watchfiles.main - INFO - 1 change detected
2026-02-27 15:24:48,508 - watchfiles.main - INFO - 1 change detected
2026-02-27 15:24:48,918 - watchfiles.main - INFO - 1 change detected
2026-02-27 15:24:49,332 - watchfiles.main - INFO - 1 change detected
2026-02-27 15:24:49,737 - watchfiles.main - INFO - 1 change detected
2026-02-27 15:24:50,140 - watchfiles.main - INFO - 1 change detected
2026-02-27 15:24:50,550 - watchfiles.main - INFO - 1 change detected
2026-02-27 15:24:50,953 - watchfiles.main - INFO - 1 change detected
2026-02-27 15:24:51,366 - watchfiles.main - INFO - 1 change detected
2026-02-27 15:24:51,776 - watchfiles.main - INFO - 1 change detected
2026-02-27 15:24:52,135 - watchfiles.main - INFO - 1 change detected
2026-02-27 15:24:52,540 - watchfiles.main - INFO - 1 change detected
2026-02-27 15:24:52,949 - watchfiles.main - INFO - 1 change detected
2026-02-27 15:24:53,352 - watchfiles.main - INFO - 1 change detected
2026-02-27 15:24:53,757 - watchfiles.main - INFO - 1 change detected
2026-02-27 15:24:54,160 - watchfiles.main - INFO - 1 change detected
2026-02-27 15:24:54,574 - watchfiles.main - INFO - 1 change detected
2026-02-27 15:24:54,981 - watchfiles.main - INFO - 1 change detected
2026-02-27 15:24:55,396 - watchfiles.main - INFO - 1 change detected
2026-02-27 15:24:55,757 - watchfiles.main - INFO - 1 change detected
2026-02-27 15:24:56,165 - watchfiles.main - INFO - 1 change detected
2026-02-27 15:24:56,581 - watchfiles.main - INFO - 1 change detected
2026-02-27 15:24:56,987 - watchfiles.main - INFO - 1 change detected
2026-02-27 15:24:57,390 - watchfiles.main - INFO - 1 change detected
2026-02-27 15:24:57,750 - watchfiles.main - INFO - 1 change detected
2026-02-27 15:24:58,159 - watchfiles.main - INFO - 1 change detected
2026-02-27 15:24:58,566 - watchfiles.main - INFO - 1 change detected
2026-02-27 15:24:58,975 - watchfiles.main - INFO - 1 change detected
2026-02-27 15:24:59,384 - watchfiles.main - INFO - 1 change detected
2026-02-27 15:24:59,793 - watchfiles.main - INFO - 1 change detected
2026-02-27 15:25:00,198 - watchfiles.main - INFO - 1 change detected
2026-02-27 15:25:00,604 - watchfiles.main - INFO - 1 change detected
2026-02-27 15:25:01,008 - watchfiles.main - INFO - 1 change detected
2026-02-27 15:25:01,426 - watchfiles.main - INFO - 1 change detected
2026-02-27 15:25:01,832 - watchfiles.main - INFO - 1 change detected
2026-02-27 15:25:02,299 - watchfiles.main - INFO - 1 change detected
2026-02-27 15:25:02,703 - watchfiles.main - INFO - 1 change detected
2026-02-27 15:25:03,107 - watchfiles.main - INFO - 1 change detected
2026-02-27 15:25:03,509 - watchfiles.main - INFO - 1 change detected
2026-02-27 15:25:03,924 - watchfiles.main - INFO - 1 change detected
2026-02-27 15:25:04,333 - watchfiles.main - INFO - 1 change detected
2026-02-27 15:25:04,737 - watchfiles.main - INFO - 1 change detected
2026-02-27 15:25:05,141 - watchfiles.main - INFO - 1 change detected
2026-02-27 15:25:05,552 - watchfiles.main - INFO - 1 change detected
2026-02-27 15:25:05,958 - watchfiles.main - INFO - 1 change detected
2026-02-27 15:25:06,318 - watchfiles.main - INFO - 1 change detected
2026-02-27 15:25:06,724 - watchfiles.main - INFO - 1 change detected
2026-02-27 15:25:07,134 - watchfiles.main - INFO - 1 change detected
2026-02-27 15:25:07,539 - watchfiles.main - INFO - 1 change detected
2026-02-27 15:25:07,957 - watchfiles.main - INFO - 1 change detected
2026-02-27 15:25:08,366 - watchfiles.main - INFO - 1 change detected
2026-02-27 15:25:08,731 - watchfiles.main - INFO - 1 change detected
2026-02-27 15:25:09,188 - watchfiles.main - INFO - 1 change detected
2026-02-27 15:25:09,547 - watchfiles.main - INFO - 1 change detected
2026-02-27 15:25:09,959 - watchfiles.main - INFO - 1 change detected
2026-02-27 15:25:10,373 - watchfiles.main - INFO - 1 change detected
2026-02-27 15:25:10,800 - watchfiles.main - INFO - 1 change detected
2026-02-27 15:25:11,209 - watchfiles.main - INFO - 1 change detected
2026-02-27 15:25:11,616 - watchfiles.main - INFO - 1 change detected
2026-02-27 15:25:12,019 - watchfiles.main - INFO - 1 change detected
2026-02-27 15:25:12,424 - watchfiles.main - INFO - 1 change detected
2026-02-27 15:25:12,790 - watchfiles.main - INFO - 1 change detected
2026-02-27 15:25:13,207 - watchfiles.main - INFO - 1 change detected
2026-02-27 15:25:13,624 - watchfiles.main - INFO - 1 change detected
2026-02-27 15:25:14,033 - watchfiles.main - INFO - 1 change detected
2026-02-27 15:25:14,438 - watchfiles.main - INFO - 1 change detected
2026-02-27 15:25:14,799 - watchfiles.main - INFO - 1 change detected
2026-02-27 15:25:15,268 - watchfiles.main - INFO - 1 change detected
2026-02-27 15:25:15,676 - watchfiles.main - INFO - 1 change detected
2026-02-27 15:25:16,087 - watchfiles.main - INFO - 1 change detected
2026-02-27 15:25:16,492 - watchfiles.main - INFO - 1 change detected
2026-02-27 15:25:16,857 - watchfiles.main - INFO - 1 change detected
2026-02-27 15:25:17,314 - watchfiles.main - INFO - 1 change detected
2026-02-27 15:25:17,725 - watchfiles.main - INFO - 1 change detected
2026-02-27 15:25:18,087 - watchfiles.main - INFO - 1 change detected
2026-02-27 15:25:18,492 - watchfiles.main - INFO - 1 change detected
2026-02-27 15:25:18,907 - watchfiles.main - INFO - 1 change detected
2026-02-27 15:25:19,317 - watchfiles.main - INFO - 1 change detected
2026-02-27 15:25:19,673 - watchfiles.main - INFO - 1 change detected
2026-02-27 15:25:20,031 - watchfiles.main - INFO - 1 change detected
2026-02-27 15:25:20,392 - watchfiles.main - INFO - 1 change detected
2026-02-27 15:25:20,745 - watchfiles.main - INFO - 2 changes detected
2026-02-27 15:25:21,612 - watchfiles.main - INFO - 1 change detected
2026-02-27 15:25:23,224 - watchfiles.main - INFO - 5 changes detected
2026-02-27 15:25:23,580 - watchfiles.main - INFO - 1 change detected
2026-02-27 15:25:23,683 - __mp_main__ - INFO - App startup initiated
2026-02-27 15:25:23,871 - __mp_main__ - INFO - Database initialized
2026-02-27 15:25:23,937 - watchfiles.main - INFO - 5 changes detected
2026-02-27 15:25:24,246 - components.database_content - INFO - Refreshing orders from database
2026-02-27 15:25:24,258 - components.database_content - INFO - Fetched 5 orders
2026-02-27 15:25:24,304 - watchfiles.main - INFO - 1 change detected
2026-02-27 15:25:24,706 - watchfiles.main - INFO - 1 change detected
2026-02-27 15:25:25,119 - watchfiles.main - INFO - 1 change detected
2026-02-27 15:25:25,530 - watchfiles.main - INFO - 1 change detected
2026-02-27 15:25:25,938 - watchfiles.main - INFO - 1 change detected
2026-02-27 15:25:26,345 - watchfiles.main - INFO - 1 change detected
2026-02-27 15:25:26,750 - watchfiles.main - INFO - 1 change detected
2026-02-27 15:25:27,155 - watchfiles.main - INFO - 1 change detected
2026-02-27 15:25:27,558 - watchfiles.main - INFO - 1 change detected
2026-02-27 15:25:27,965 - watchfiles.main - INFO - 1 change detected
2026-02-27 15:25:28,119 - components.database_content - INFO - Refreshing orders from database
2026-02-27 15:25:28,119 - components.database_content - INFO - Fetched 5 orders
2026-02-27 15:25:28,327 - watchfiles.main - INFO - 1 change detected
2026-02-27 15:25:28,681 - watchfiles.main - INFO - 1 change detected
2026-02-27 15:25:29,047 - watchfiles.main - INFO - 1 change detected
2026-02-27 15:25:29,420 - watchfiles.main - INFO - 1 change detected
2026-02-27 15:25:29,782 - watchfiles.main - INFO - 1 change detected
2026-02-27 15:25:30,146 - watchfiles.main - INFO - 1 change detected
2026-02-27 15:25:30,506 - watchfiles.main - INFO - 1 change detected
2026-02-27 15:25:30,867 - watchfiles.main - INFO - 1 change detected
2026-02-27 15:25:31,275 - watchfiles.main - INFO - 1 change detected
2026-02-27 15:25:31,637 - watchfiles.main - INFO - 1 change detected
2026-02-27 15:25:32,041 - watchfiles.main - INFO - 1 change detected
2026-02-27 15:25:32,459 - watchfiles.main - INFO - 1 change detected
2026-02-27 15:25:32,865 - watchfiles.main - INFO - 1 change detected
2026-02-27 15:25:33,272 - watchfiles.main - INFO - 1 change detected
2026-02-27 15:25:33,682 - watchfiles.main - INFO - 1 change detected
2026-02-27 15:25:34,084 - watchfiles.main - INFO - 1 change detected
2026-02-27 15:25:34,504 - watchfiles.main - INFO - 1 change detected
2026-02-27 15:25:34,910 - watchfiles.main - INFO - 2 changes detected
2026-02-27 15:25:35,337 - watchfiles.main - INFO - 1 change detected
2026-02-27 15:25:35,744 - watchfiles.main - INFO - 1 change detected
2026-02-27 15:25:36,148 - watchfiles.main - INFO - 1 change detected
2026-02-27 15:25:36,506 - watchfiles.main - INFO - 1 change detected
2026-02-27 15:25:36,846 - components.database_content - INFO - Refreshing orders from database
2026-02-27 15:25:36,851 - components.database_content - INFO - Fetched 5 orders
2026-02-27 15:25:36,912 - watchfiles.main - INFO - 1 change detected
2026-02-27 15:25:37,320 - watchfiles.main - INFO - 1 change detected
2026-02-27 15:25:37,777 - watchfiles.main - INFO - 1 change detected
2026-02-27 15:25:38,138 - watchfiles.main - INFO - 1 change detected
2026-02-27 15:25:38,547 - watchfiles.main - INFO - 1 change detected
2026-02-27 15:25:38,960 - watchfiles.main - INFO - 1 change detected
2026-02-27 15:25:39,364 - watchfiles.main - INFO - 1 change detected
2026-02-27 15:25:39,732 - watchfiles.main - INFO - 1 change detected
2026-02-27 15:25:40,096 - watchfiles.main - INFO - 1 change detected
2026-02-27 15:25:40,452 - watchfiles.main - INFO - 1 change detected
2026-02-27 15:25:40,807 - watchfiles.main - INFO - 1 change detected
2026-02-27 15:25:41,162 - watchfiles.main - INFO - 1 change detected
2026-02-27 15:25:41,515 - watchfiles.main - INFO - 1 change detected
2026-02-27 15:25:41,870 - watchfiles.main - INFO - 1 change detected
2026-02-27 15:25:42,276 - watchfiles.main - INFO - 1 change detected
2026-02-27 15:25:42,681 - watchfiles.main - INFO - 1 change detected
2026-02-27 15:25:43,083 - watchfiles.main - INFO - 1 change detected
2026-02-27 15:25:43,491 - watchfiles.main - INFO - 1 change detected
2026-02-27 15:25:43,895 - watchfiles.main - INFO - 1 change detected
2026-02-27 15:25:44,259 - watchfiles.main - INFO - 1 change detected
2026-02-27 15:25:44,726 - watchfiles.main - INFO - 1 change detected
2026-02-27 15:25:45,130 - watchfiles.main - INFO - 1 change detected
2026-02-27 15:25:45,534 - watchfiles.main - INFO - 1 change detected
2026-02-27 15:25:45,942 - watchfiles.main - INFO - 1 change detected
2026-02-27 15:25:46,351 - watchfiles.main - INFO - 1 change detected
2026-02-27 15:25:46,775 - watchfiles.main - INFO - 1 change detected
2026-02-27 15:25:47,181 - watchfiles.main - INFO - 1 change detected
2026-02-27 15:25:47,572 - watchfiles.main - INFO - 1 change detected
2026-02-27 15:25:47,983 - watchfiles.main - INFO - 1 change detected
2026-02-27 15:25:48,386 - watchfiles.main - INFO - 1 change detected
2026-02-27 15:25:48,800 - watchfiles.main - INFO - 1 change detected
2026-02-27 15:25:49,212 - watchfiles.main - INFO - 1 change detected
2026-02-27 15:25:49,573 - watchfiles.main - INFO - 1 change detected
2026-02-27 15:25:50,033 - watchfiles.main - INFO - 1 change detected
2026-02-27 15:25:50,394 - watchfiles.main - INFO - 1 change detected
2026-02-27 15:25:50,800 - watchfiles.main - INFO - 1 change detected
2026-02-27 15:25:51,209 - watchfiles.main - INFO - 1 change detected
2026-02-27 15:25:51,623 - watchfiles.main - INFO - 1 change detected
2026-02-27 15:25:52,028 - watchfiles.main - INFO - 1 change detected
2026-02-27 15:25:52,435 - watchfiles.main - INFO - 1 change detected
2026-02-27 15:25:52,799 - watchfiles.main - INFO - 1 change detected
2026-02-27 15:25:53,152 - watchfiles.main - INFO - 1 change detected
2026-02-27 15:25:53,506 - watchfiles.main - INFO - 1 change detected
2026-02-27 15:25:53,860 - watchfiles.main - INFO - 1 change detected
2026-02-27 15:25:54,213 - watchfiles.main - INFO - 1 change detected
2026-02-27 15:25:54,570 - watchfiles.main - INFO - 1 change detected
2026-02-27 15:25:54,923 - watchfiles.main - INFO - 1 change detected
2026-02-27 15:25:55,285 - watchfiles.main - INFO - 1 change detected
2026-02-27 15:25:55,646 - watchfiles.main - INFO - 1 change detected
2026-02-27 15:25:56,004 - watchfiles.main - INFO - 1 change detected
2026-02-27 15:25:56,358 - watchfiles.main - INFO - 1 change detected
2026-02-27 15:25:56,717 - watchfiles.main - INFO - 1 change detected
2026-02-27 15:25:57,080 - watchfiles.main - INFO - 1 change detected
2026-02-27 15:25:57,438 - watchfiles.main - INFO - 1 change detected
2026-02-27 15:25:57,791 - watchfiles.main - INFO - 1 change detected
2026-02-27 15:25:58,143 - watchfiles.main - INFO - 1 change detected
2026-02-27 15:25:58,501 - watchfiles.main - INFO - 1 change detected
2026-02-27 15:25:58,861 - watchfiles.main - INFO - 1 change detected
2026-02-27 15:25:59,225 - watchfiles.main - INFO - 1 change detected
2026-02-27 15:25:59,589 - watchfiles.main - INFO - 1 change detected
2026-02-27 15:25:59,957 - watchfiles.main - INFO - 1 change detected
2026-02-27 15:26:00,316 - watchfiles.main - INFO - 1 change detected
2026-02-27 15:26:00,680 - watchfiles.main - INFO - 1 change detected
2026-02-27 15:26:01,033 - watchfiles.main - INFO - 1 change detected
2026-02-27 15:26:01,389 - watchfiles.main - INFO - 1 change detected
2026-02-27 15:26:01,745 - watchfiles.main - INFO - 1 change detected
2026-02-27 15:26:02,110 - watchfiles.main - INFO - 1 change detected
2026-02-27 15:26:02,473 - watchfiles.main - INFO - 1 change detected
2026-02-27 15:26:02,826 - watchfiles.main - INFO - 1 change detected
2026-02-27 15:26:03,183 - watchfiles.main - INFO - 1 change detected
2026-02-27 15:26:03,542 - watchfiles.main - INFO - 1 change detected
2026-02-27 15:26:03,915 - watchfiles.main - INFO - 1 change detected
2026-02-27 15:26:04,280 - watchfiles.main - INFO - 1 change detected
2026-02-27 15:26:04,637 - watchfiles.main - INFO - 1 change detected
2026-02-27 15:26:04,997 - watchfiles.main - INFO - 1 change detected
2026-02-27 15:26:05,353 - watchfiles.main - INFO - 1 change detected
2026-02-27 15:26:05,713 - watchfiles.main - INFO - 1 change detected
2026-02-27 15:26:06,081 - watchfiles.main - INFO - 1 change detected
2026-02-27 15:26:06,443 - watchfiles.main - INFO - 1 change detected
2026-02-27 15:26:06,800 - watchfiles.main - INFO - 1 change detected
